{"$message_type":"diagnostic","message":"attribute should be applied to a free function, impl method or static","code":{"code":"unused_attributes","explanation":null},"level":"warning","spans":[{"file_name":"src/main.rs","byte_start":49,"byte_end":76,"line_start":7,"line_end":7,"column_start":1,"column_end":28,"is_primary":false,"text":[{"text":"use core::panic::PanicInfo;","highlight_start":1,"highlight_end":28}],"label":"not a free function, impl method or static","suggested_replacement":null,"suggestion_applicability":null,"expansion":null},{"file_name":"src/main.rs","byte_start":35,"byte_end":47,"line_start":5,"line_end":5,"column_start":1,"column_end":13,"is_primary":true,"text":[{"text":"#[no_mangle]","highlight_start":1,"highlight_end":13}],"label":null,"suggested_replacement":null,"suggestion_applicability":null,"expansion":null}],"children":[{"message":"this was previously accepted by the compiler but is being phased out; it will become a hard error in a future release!","code":null,"level":"warning","spans":[],"children":[],"rendered":null},{"message":"`#[warn(unused_attributes)]` on by default","code":null,"level":"note","spans":[],"children":[],"rendered":null}],"rendered":"\u001b[0m\u001b[1m\u001b[33mwarning\u001b[0m\u001b[0m\u001b[1m: attribute should be applied to a free function, impl method or static\u001b[0m\n\u001b[0m \u001b[0m\u001b[0m\u001b[1m\u001b[38;5;12m--> \u001b[0m\u001b[0msrc/main.rs:5:1\u001b[0m\n\u001b[0m  \u001b[0m\u001b[0m\u001b[1m\u001b[38;5;12m|\u001b[0m\n\u001b[0m\u001b[1m\u001b[38;5;12m5\u001b[0m\u001b[0m \u001b[0m\u001b[0m\u001b[1m\u001b[38;5;12m|\u001b[0m\u001b[0m \u001b[0m\u001b[0m#[no_mangle]\u001b[0m\n\u001b[0m  \u001b[0m\u001b[0m\u001b[1m\u001b[38;5;12m|\u001b[0m\u001b[0m \u001b[0m\u001b[0m\u001b[1m\u001b[33m^^^^^^^^^^^^\u001b[0m\n\u001b[0m\u001b[1m\u001b[38;5;12m6\u001b[0m\u001b[0m \u001b[0m\u001b[0m\u001b[1m\u001b[38;5;12m|\u001b[0m\n\u001b[0m\u001b[1m\u001b[38;5;12m7\u001b[0m\u001b[0m \u001b[0m\u001b[0m\u001b[1m\u001b[38;5;12m|\u001b[0m\u001b[0m \u001b[0m\u001b[0muse core::panic::PanicInfo;\u001b[0m\n\u001b[0m  \u001b[0m\u001b[0m\u001b[1m\u001b[38;5;12m|\u001b[0m\u001b[0m \u001b[0m\u001b[0m\u001b[1m\u001b[38;5;12m---------------------------\u001b[0m\u001b[0m \u001b[0m\u001b[0m\u001b[1m\u001b[38;5;12mnot a free function, impl method or static\u001b[0m\n\u001b[0m  \u001b[0m\u001b[0m\u001b[1m\u001b[38;5;12m|\u001b[0m\n\u001b[0m  \u001b[0m\u001b[0m\u001b[1m\u001b[38;5;12m= \u001b[0m\u001b[0m\u001b[1mwarning\u001b[0m\u001b[0m: this was previously accepted by the compiler but is being phased out; it will become a hard error in a future release!\u001b[0m\n\u001b[0m  \u001b[0m\u001b[0m\u001b[1m\u001b[38;5;12m= \u001b[0m\u001b[0m\u001b[1mnote\u001b[0m\u001b[0m: `#[warn(unused_attributes)]` on by default\u001b[0m\n\n"}
{"$message_type":"diagnostic","message":"linking with `cc` failed: exit status: 1","code":null,"level":"error","spans":[],"children":[{"message":"LC_ALL=\"C\" PATH=\"/home/codespace/.rustup/toolchains/stable-x86_64-unknown-linux-gnu/lib/rustlib/x86_64-unknown-linux-gnu/bin:/home/codespace/.rustup/toolchains/stable-x86_64-unknown-linux-gnu/lib/rustlib/x86_64-unknown-linux-gnu/bin:/home/codespace/.rustup/toolchains/stable-x86_64-unknown-linux-gnu/lib/rustlib/x86_64-unknown-linux-gnu/bin:/home/codespace/.cargo/bin:/usr/local/rvm/gems/ruby-3.2.4/bin:/usr/local/rvm/gems/ruby-3.2.4@global/bin:/usr/local/rvm/rubies/ruby-3.2.4/bin:/vscode/bin/linux-x64/f1e16e1e6214d7c44d078b1f0607b2388f29d729/bin/remote-cli:/home/codespace/.local/bin:/home/codespace/.dotnet:/home/codespace/nvm/current/bin:/home/codespace/.php/current/bin:/home/codespace/.python/current/bin:/home/codespace/java/current/bin:/home/codespace/.ruby/current/bin:/home/codespace/.local/bin:/usr/local/python/current/bin:/usr/local/py-utils/bin:/usr/local/oryx:/usr/local/go/bin:/go/bin:/usr/local/sdkman/bin:/usr/local/sdkman/candidates/java/current/bin:/usr/local/sdkman/candidates/gradle/current/bin:/usr/local/sdkman/candidates/maven/current/bin:/usr/local/sdkman/candidates/ant/current/bin:/usr/local/rvm/gems/default/bin:/usr/local/rvm/gems/default@global/bin:/usr/local/rvm/rubies/default/bin:/usr/local/share/rbenv/bin:/usr/local/php/current/bin:/opt/conda/bin:/usr/local/nvs:/usr/local/share/nvm/versions/node/v20.15.1/bin:/usr/local/hugo/bin:/usr/local/sbin:/usr/local/bin:/usr/sbin:/usr/bin:/sbin:/bin:/usr/share/dotnet:/home/codespace/.dotnet/tools:/usr/local/rvm/bin\" VSLANG=\"1033\" \"cc\" \"-m64\" \"/tmp/rustcVoTjiP/symbols.o\" \"/workspaces/rust-practices/os-in-rust/target/debug/deps/os_in_rust-d0320333a6e7171b.55draotcej4frm853xbphwniv.rcgu.o\" \"-Wl,--as-needed\" \"-L\" \"/workspaces/rust-practices/os-in-rust/target/debug/deps\" \"-L\" \"/home/codespace/.rustup/toolchains/stable-x86_64-unknown-linux-gnu/lib/rustlib/x86_64-unknown-linux-gnu/lib\" \"-Wl,-Bstatic\" \"/home/codespace/.rustup/toolchains/stable-x86_64-unknown-linux-gnu/lib/rustlib/x86_64-unknown-linux-gnu/lib/librustc_std_workspace_core-d290b706bbcc90ac.rlib\" \"/home/codespace/.rustup/toolchains/stable-x86_64-unknown-linux-gnu/lib/rustlib/x86_64-unknown-linux-gnu/lib/libcore-fd707bd9d5d3d672.rlib\" \"/home/codespace/.rustup/toolchains/stable-x86_64-unknown-linux-gnu/lib/rustlib/x86_64-unknown-linux-gnu/lib/libcompiler_builtins-d4ebcca572002f93.rlib\" \"-Wl,-Bdynamic\" \"-Wl,--eh-frame-hdr\" \"-Wl,-z,noexecstack\" \"-L\" \"/home/codespace/.rustup/toolchains/stable-x86_64-unknown-linux-gnu/lib/rustlib/x86_64-unknown-linux-gnu/lib\" \"-o\" \"/workspaces/rust-practices/os-in-rust/target/debug/deps/os_in_rust-d0320333a6e7171b\" \"-Wl,--gc-sections\" \"-pie\" \"-Wl,-z,relro,-z,now\" \"-nodefaultlibs\"","code":null,"level":"note","spans":[],"children":[],"rendered":null},{"message":"/usr/bin/ld: /usr/lib/gcc/x86_64-linux-gnu/9/../../../x86_64-linux-gnu/Scrt1.o: in function `_start':\n(.text+0x16): undefined reference to `__libc_csu_fini'\n/usr/bin/ld: (.text+0x1d): undefined reference to `__libc_csu_init'\n/usr/bin/ld: (.text+0x24): undefined reference to `main'\n/usr/bin/ld: (.text+0x2a): undefined reference to `__libc_start_main'\ncollect2: error: ld returned 1 exit status\n","code":null,"level":"note","spans":[],"children":[],"rendered":null},{"message":"some `extern` functions couldn't be found; some native libraries may need to be installed or have their path specified","code":null,"level":"note","spans":[],"children":[],"rendered":null},{"message":"use the `-l` flag to specify native libraries to link","code":null,"level":"note","spans":[],"children":[],"rendered":null},{"message":"use the `cargo:rustc-link-lib` directive to specify the native libraries to link with Cargo (see https://doc.rust-lang.org/cargo/reference/build-scripts.html#rustc-link-lib)","code":null,"level":"note","spans":[],"children":[],"rendered":null}],"rendered":"\u001b[0m\u001b[1m\u001b[38;5;9merror\u001b[0m\u001b[0m\u001b[1m: linking with `cc` failed: exit status: 1\u001b[0m\n\u001b[0m  \u001b[0m\u001b[0m\u001b[1m\u001b[38;5;12m|\u001b[0m\n\u001b[0m  \u001b[0m\u001b[0m\u001b[1m\u001b[38;5;12m= \u001b[0m\u001b[0m\u001b[1mnote\u001b[0m\u001b[0m: LC_ALL=\"C\" PATH=\"/home/codespace/.rustup/toolchains/stable-x86_64-unknown-linux-gnu/lib/rustlib/x86_64-unknown-linux-gnu/bin:/home/codespace/.rustup/toolchains/stable-x86_64-unknown-linux-gnu/lib/rustlib/x86_64-unknown-linux-gnu/bin:/home/codespace/.rustup/toolchains/stable-x86_64-unknown-linux-gnu/lib/rustlib/x86_64-unknown-linux-gnu/bin:/home/codespace/.cargo/bin:/usr/local/rvm/gems/ruby-3.2.4/bin:/usr/local/rvm/gems/ruby-3.2.4@global/bin:/usr/local/rvm/rubies/ruby-3.2.4/bin:/vscode/bin/linux-x64/f1e16e1e6214d7c44d078b1f0607b2388f29d729/bin/remote-cli:/home/codespace/.local/bin:/home/codespace/.dotnet:/home/codespace/nvm/current/bin:/home/codespace/.php/current/bin:/home/codespace/.python/current/bin:/home/codespace/java/current/bin:/home/codespace/.ruby/current/bin:/home/codespace/.local/bin:/usr/local/python/current/bin:/usr/local/py-utils/bin:/usr/local/oryx:/usr/local/go/bin:/go/bin:/usr/local/sdkman/bin:/usr/local/sdkman/candidates/java/current/bin:/usr/local/sdkman/candidates/gradle/current/bin:/usr/local/sdkman/candidates/maven/current/bin:/usr/local/sdkman/candidates/ant/current/bin:/usr/local/rvm/gems/default/bin:/usr/local/rvm/gems/default@global/bin:/usr/local/rvm/rubies/default/bin:/usr/local/share/rbenv/bin:/usr/local/php/current/bin:/opt/conda/bin:/usr/local/nvs:/usr/local/share/nvm/versions/node/v20.15.1/bin:/usr/local/hugo/bin:/usr/local/sbin:/usr/local/bin:/usr/sbin:/usr/bin:/sbin:/bin:/usr/share/dotnet:/home/codespace/.dotnet/tools:/usr/local/rvm/bin\" VSLANG=\"1033\" \"cc\" \"-m64\" \"/tmp/rustcVoTjiP/symbols.o\" \"/workspaces/rust-practices/os-in-rust/target/debug/deps/os_in_rust-d0320333a6e7171b.55draotcej4frm853xbphwniv.rcgu.o\" \"-Wl,--as-needed\" \"-L\" \"/workspaces/rust-practices/os-in-rust/target/debug/deps\" \"-L\" \"/home/codespace/.rustup/toolchains/stable-x86_64-unknown-linux-gnu/lib/rustlib/x86_64-unknown-linux-gnu/lib\" \"-Wl,-Bstatic\" \"/home/codespace/.rustup/toolchains/stable-x86_64-unknown-linux-gnu/lib/rustlib/x86_64-unknown-linux-gnu/lib/librustc_std_workspace_core-d290b706bbcc90ac.rlib\" \"/home/codespace/.rustup/toolchains/stable-x86_64-unknown-linux-gnu/lib/rustlib/x86_64-unknown-linux-gnu/lib/libcore-fd707bd9d5d3d672.rlib\" \"/home/codespace/.rustup/toolchains/stable-x86_64-unknown-linux-gnu/lib/rustlib/x86_64-unknown-linux-gnu/lib/libcompiler_builtins-d4ebcca572002f93.rlib\" \"-Wl,-Bdynamic\" \"-Wl,--eh-frame-hdr\" \"-Wl,-z,noexecstack\" \"-L\" \"/home/codespace/.rustup/toolchains/stable-x86_64-unknown-linux-gnu/lib/rustlib/x86_64-unknown-linux-gnu/lib\" \"-o\" \"/workspaces/rust-practices/os-in-rust/target/debug/deps/os_in_rust-d0320333a6e7171b\" \"-Wl,--gc-sections\" \"-pie\" \"-Wl,-z,relro,-z,now\" \"-nodefaultlibs\"\u001b[0m\n\u001b[0m  \u001b[0m\u001b[0m\u001b[1m\u001b[38;5;12m= \u001b[0m\u001b[0m\u001b[1mnote\u001b[0m\u001b[0m: /usr/bin/ld: /usr/lib/gcc/x86_64-linux-gnu/9/../../../x86_64-linux-gnu/Scrt1.o: in function `_start':\u001b[0m\n\u001b[0m          (.text+0x16): undefined reference to `__libc_csu_fini'\u001b[0m\n\u001b[0m          /usr/bin/ld: (.text+0x1d): undefined reference to `__libc_csu_init'\u001b[0m\n\u001b[0m          /usr/bin/ld: (.text+0x24): undefined reference to `main'\u001b[0m\n\u001b[0m          /usr/bin/ld: (.text+0x2a): undefined reference to `__libc_start_main'\u001b[0m\n\u001b[0m          collect2: error: ld returned 1 exit status\u001b[0m\n\u001b[0m          \u001b[0m\n\u001b[0m  \u001b[0m\u001b[0m\u001b[1m\u001b[38;5;12m= \u001b[0m\u001b[0m\u001b[1mnote\u001b[0m\u001b[0m: some `extern` functions couldn't be found; some native libraries may need to be installed or have their path specified\u001b[0m\n\u001b[0m  \u001b[0m\u001b[0m\u001b[1m\u001b[38;5;12m= \u001b[0m\u001b[0m\u001b[1mnote\u001b[0m\u001b[0m: use the `-l` flag to specify native libraries to link\u001b[0m\n\u001b[0m  \u001b[0m\u001b[0m\u001b[1m\u001b[38;5;12m= \u001b[0m\u001b[0m\u001b[1mnote\u001b[0m\u001b[0m: use the `cargo:rustc-link-lib` directive to specify the native libraries to link with Cargo (see https://doc.rust-lang.org/cargo/reference/build-scripts.html#rustc-link-lib)\u001b[0m\n\n"}
{"$message_type":"diagnostic","message":"aborting due to 1 previous error; 1 warning emitted","code":null,"level":"error","spans":[],"children":[],"rendered":"\u001b[0m\u001b[1m\u001b[38;5;9merror\u001b[0m\u001b[0m\u001b[1m: aborting due to 1 previous error; 1 warning emitted\u001b[0m\n\n"}
